<?xml version="1.0" encoding="UTF-8"?>
<!-- Generated by org.testng.reporters.JUnitXMLReporter -->
<testsuite hostname="LAPTOP-4G7UM97N" ignored="2" name="Default test" tests="1" failures="0" timestamp="07 Feb 2022 11:29:33 GMT" time="8.095" errors="0">
  <testcase name="runUserChoice" time="6.513" classname="testBatches.TestBatches"/>
  <testcase name="regressionSuite" time="0.0" classname="testBatches.TestBatches">
    <ignored/>
  </testcase> <!-- regressionSuite -->
  <testcase name="smokeSuite" time="0.0" classname="testBatches.TestBatches">
    <ignored/>
  </testcase> <!-- smokeSuite -->
</testsuite> <!-- Default test -->
